Authpaper-B&W/AuthBarcodeScanner/proguard/seeds.txt
com.google.android.gms.location.places.internal.AutocompletePredictionEntity$SubstringEntity
com.google.android.gms.location.places.internal.AutocompletePredictionEntity$SubstringEntity: android.os.Parcelable$Creator CREATOR
com.google.android.gms.location.places.internal.PlaceImpl
com.google.android.gms.location.places.internal.PlaceImpl: com.google.android.gms.location.places.internal.zzl CREATOR
com.google.android.gms.location.places.internal.PlaceLikelihoodEntity
com.google.android.gms.location.places.internal.PlaceLikelihoodEntity: android.os.Parcelable$Creator CREATOR
com.google.android.gms.location.places.internal.PlaceLocalization
com.google.android.gms.location.places.internal.PlaceLocalization: com.google.android.gms.location.places.internal.zzo CREATOR
com.google.android.gms.location.places.internal.PlacesParams
com.google.android.gms.location.places.internal.PlacesParams: com.google.android.gms.location.places.internal.zzt CREATOR
com.google.android.gms.location.places.personalized.PlaceAlias
com.google.android.gms.location.places.personalized.PlaceAlias: com.google.android.gms.location.places.personalized.zzb CREATOR
com.google.android.gms.location.places.personalized.PlaceAliasResult
com.google.android.gms.location.places.personalized.PlaceAliasResult: android.os.Parcelable$Creator CREATOR
com.google.android.gms.location.places.personalized.PlaceUserData
com.google.android.gms.location.places.personalized.PlaceUserData: com.google.android.gms.location.places.personalized.zze CREATOR
com.google.android.gms.maps.GoogleMapOptions
com.google.android.gms.maps.GoogleMapOptions: com.google.android.gms.maps.zza CREATOR
com.google.android.gms.maps.MapView: com.google.android.gms.maps.GoogleMap getMap()
com.google.android.gms.maps.StreetViewPanoramaOptions
com.google.android.gms.maps.StreetViewPanoramaOptions: com.google.android.gms.maps.zzb CREATOR
com.google.android.gms.maps.StreetViewPanoramaView: com.google.android.gms.maps.StreetViewPanorama getStreetViewPanorama()
com.google.android.gms.maps.model.CameraPosition
com.google.android.gms.maps.model.CameraPosition: com.google.android.gms.maps.model.zza CREATOR
com.google.android.gms.maps.model.CircleOptions
com.google.android.gms.maps.model.CircleOptions: com.google.android.gms.maps.model.zzb CREATOR
com.google.android.gms.maps.model.GroundOverlayOptions
com.google.android.gms.maps.model.GroundOverlayOptions: com.google.android.gms.maps.model.zzc CREATOR
com.google.android.gms.maps.model.LatLng
com.google.android.gms.maps.model.LatLng: com.google.android.gms.maps.model.zze CREATOR
com.google.android.gms.maps.model.LatLngBounds
com.google.android.gms.maps.model.LatLngBounds: com.google.android.gms.maps.model.zzd CREATOR
com.google.android.gms.maps.model.MarkerOptions
com.google.android.gms.maps.model.MarkerOptions: com.google.android.gms.maps.model.zzf CREATOR
com.google.android.gms.maps.model.PointOfInterest
com.google.android.gms.maps.model.PointOfInterest: com.google.android.gms.maps.model.zzg CREATOR
com.google.android.gms.maps.model.PolygonOptions
com.google.android.gms.maps.model.PolygonOptions: com.google.android.gms.maps.model.zzh CREATOR
com.google.android.gms.maps.model.PolylineOptions
com.google.android.gms.maps.model.PolylineOptions: com.google.android.gms.maps.model.zzi CREATOR
com.google.android.gms.maps.model.StreetViewPanoramaCamera
com.google.android.gms.maps.model.StreetViewPanoramaCamera: com.google.android.gms.maps.model.zzj CREATOR
com.google.android.gms.maps.model.StreetViewPanoramaLink
com.google.android.gms.maps.model.StreetViewPanoramaLink: com.google.android.gms.maps.model.zzk CREATOR
com.google.android.gms.maps.model.StreetViewPanoramaLocation
com.google.android.gms.maps.model.StreetViewPanoramaLocation: com.google.android.gms.maps.model.zzl CREATOR