Authpaper-B&W/AuthBarcodeScanner/proguard/mapping.txt
com.google.zxing.common.detector.MathUtils -> com.google.a.d.a.a:
    float distance(float,float,float,float) -> a
    float distance(int,int,int,int) -> a
com.google.zxing.common.detector.WhiteRectangleDetector -> com.google.a.d.a.b:
    com.google.zxing.common.BitMatrix image -> a
    int height -> b
    int width -> c
    int leftInit -> d
    int rightInit -> e
    int downInit -> f
    int upInit -> g
    com.google.zxing.ResultPoint[] detect() -> a
    com.google.zxing.ResultPoint getBlackPointOnSegment(float,float,float,float) -> a
    boolean containsBlackPoint(int,int,int,boolean) -> a
com.google.zxing.common.fileTypeECI -> com.google.a.d.n:
    com.google.zxing.common.fileTypeECI jpeg -> a
    com.google.zxing.common.fileTypeECI png -> b
    com.google.zxing.common.fileTypeECI auth2dbarcode -> c
    java.util.Map VALUE_TO_ECI -> d
    java.util.Map NAME_TO_ECI -> e
    int[] values -> f
    java.lang.String[] otherEncodingNames -> g
    com.google.zxing.common.fileTypeECI[] $VALUES -> h
    com.google.zxing.common.fileTypeECI[] values() -> values
    com.google.zxing.common.fileTypeECI valueOf(java.lang.String) -> valueOf
    int getValue() -> a
    java.lang.String getOtherName() -> b
    com.google.zxing.common.fileTypeECI getfileTypeECIByValue(int) -> a
    com.google.zxing.common.fileTypeECI getfileTypeECIByName(java.lang.String) -> a
com.google.zxing.common.reedsolomon.GenericGF -> com.google.a.d.b.a:
    com.google.zxing.common.reedsolomon.GenericGF AZTEC_DATA_12 -> a
    com.google.zxing.common.reedsolomon.GenericGF AZTEC_DATA_10 -> b
    com.google.zxing.common.reedsolomon.GenericGF AZTEC_DATA_6 -> c
    com.google.zxing.common.reedsolomon.GenericGF AZTEC_PARAM -> d
    com.google.zxing.common.reedsolomon.GenericGF QR_CODE_FIELD_256 -> e
    com.google.zxing.common.reedsolomon.GenericGF DATA_MATRIX_FIELD_256 -> f
    com.google.zxing.common.reedsolomon.GenericGF AZTEC_DATA_8 -> g
    com.google.zxing.common.reedsolomon.GenericGF MAXICODE_FIELD_64 -> h
    int[] expTable -> i
    int[] logTable -> j
    com.google.zxing.common.reedsolomon.GenericGFPoly zero -> k
    com.google.zxing.common.reedsolomon.GenericGFPoly one -> l
    int size -> m
    int primitive -> n
    int generatorBase -> o
    boolean initialized -> p
    void initialize() -> e
    void checkInit() -> f
    com.google.zxing.common.reedsolomon.GenericGFPoly getZero() -> a
    com.google.zxing.common.reedsolomon.GenericGFPoly getOne() -> b
    com.google.zxing.common.reedsolomon.GenericGFPoly buildMonomial(int,int) -> a
    int addOrSubtract(int,int) -> b
    int exp(int) -> a
    int log(int) -> b
    int inverse(int) -> c
    int multiply(int,int) -> c
    int getSize() -> c
    int getGeneratorBase() -> d
    java.lang.String toString() -> toString
com.google.zxing.common.reedsolomon.GenericGFPoly -> com.google.a.d.b.b:
    com.google.zxing.common.reedsolomon.GenericGF field -> b
    int[] coefficients -> a
    boolean isZero() -> a
    int getCoefficient(int) -> a
    int evaluateAt(int) -> b
    com.google.zxing.common.reedsolomon.GenericGFPoly addOrSubtract(com.google.zxing.common.reedsolomon.GenericGFPoly) -> a
    com.google.zxing.common.reedsolomon.GenericGFPoly multiply(com.google.zxing.common.reedsolomon.GenericGFPoly) -> b
    com.google.zxing.common.reedsolomon.GenericGFPoly multiply(int) -> c
    com.google.zxing.common.reedsolomon.GenericGFPoly multiplyByMonomial(int,int) -> a
    com.google.zxing.common.reedsolomon.GenericGFPoly[] divide(com.google.zxing.common.reedsolomon.GenericGFPoly) -> c
    java.lang.String toString() -> toString